#
# There is insufficient memory for the Java Runtime Environment to continue.
# Native memory allocation (mmap) failed to map 65011712 bytes for G1 virtual space
# Possible reasons:
#   The system is out of physical RAM or swap space
#   The process is running with CompressedOops enabled, and the Java Heap may be blocking the growth of the native heap
# Possible solutions:
#   Reduce memory load on the system
#   Increase physical memory or swap space
#   Check if swap backing store is full
#   Decrease Java heap size (-Xmx/-Xms)
#   Decrease number of Java threads
#   Decrease Java thread stack sizes (-Xss)
#   Set larger code cache with -XX:ReservedCodeCacheSize=
#   JVM is running with Unscaled Compressed Oops mode in which the Java heap is
#     placed in the first 4GB address space. The Java Heap base address is the
#     maximum limit for the native heap growth. Please use -XX:HeapBaseMinAddress
#     to set the Java Heap base and to place the Java Heap above 4GB virtual address.
# This output file may be truncated or incomplete.
#
#  Out of Memory Error (os_windows.cpp:3528), pid=16672, tid=3600
#
# JRE version:  (20.0.1+9) (build )
# Java VM: Java HotSpot(TM) 64-Bit Server VM (20.0.1+9-29, mixed mode, sharing, tiered, compressed oops, compressed class ptrs, g1 gc, windows-amd64)
# No core dump will be written. Minidumps are not enabled by default on client versions of Windows
#

---------------  S U M M A R Y ------------

Command Line: -Dfile.encoding=UTF-8 -XX:+ShowCodeDetailsInExceptionMessages com.bankmanagement.Singup2

Host: Intel(R) Core(TM) i3-1005G1 CPU @ 1.20GHz, 4 cores, 3G,  Windows 10 , 64 bit Build 19041 (10.0.19041.3155)
Time: Sun Sep  3 12:53:49 2023 India Standard Time elapsed time: 0.298309 seconds (0d 0h 0m 0s)

---------------  T H R E A D  ---------------

Current thread (0x000001f3cc5dcfd0):  JavaThread "Unknown thread" [_thread_in_vm, id=3600, stack(0x000000577a900000,0x000000577aa00000)]

Stack: [0x000000577a900000,0x000000577aa00000]
Native frames: (J=compiled Java code, j=interpreted, Vv=VM code, C=native code)
V  [jvm.dll+0x6bb95a]
V  [jvm.dll+0x8485fa]
V  [jvm.dll+0x84a1f5]
V  [jvm.dll+0x84a8f3]
V  [jvm.dll+0x280b0f]
V  [jvm.dll+0x6b86e9]
V  [jvm.dll+0x6ad2da]
V  [jvm.dll+0x35adf5]
V  [jvm.dll+0x363016]
V  [jvm.dll+0x3b3b3e]
V  [jvm.dll+0x3b3dc5]
V  [jvm.dll+0x32b50a]
V  [jvm.dll+0x32c32b]
V  [jvm.dll+0x8112bf]
V  [jvm.dll+0x3c0d91]
V  [jvm.dll+0x7fcfe3]
V  [jvm.dll+0x44c76f]
V  [jvm.dll+0x44e0e1]
C  [jli.dll+0x5287]
C  [ucrtbase.dll+0x21bb2]
C  [KERNEL32.DLL+0x17614]
C  [ntdll.dll+0x526b1]


---------------  P R O C E S S  ---------------

Threads class SMR info:
_java_thread_list=0x00007ffc4c58a098, length=0, elements={
}

Java Threads: ( => current thread )

Other Threads:
  0x000001f3ce5fa9e0 WorkerThread "GC Thread#0" [stack: 0x000000577aa00000,0x000000577ab00000] [id=14188]
  0x000001f3ce6051e0 ConcurrentGCThread "G1 Main Marker" [stack: 0x000000577ab00000,0x000000577ac00000] [id=12720]
  0x000001f3ce606460 WorkerThread "G1 Conc#0" [stack: 0x000000577ac00000,0x000000577ad00000] [id=18624]

[error occurred during error reporting (printing all threads), id 0xc0000005, EXCEPTION_ACCESS_VIOLATION (0xc0000005) at pc=0x00007ffc4bd6eb47]
VM state: not at safepoint (not fully initialized)

VM Mutex/Monitor currently owned by a thread:  ([mutex/lock_event])
[0x000001f3ce5b9230] Heap_lock - owner thread: 0x000001f3cc5dcfd0

Heap address: 0x00000000c3200000, size: 974 MB, Compressed Oops mode: 32-bit

CDS archive(s) mapped at: [0x0000000000000000-0x0000000000000000-0x0000000000000000), size 0, SharedBaseAddress: 0x0000000800000000, ArchiveRelocationMode: 0.
Narrow klass base: 0x0000000000000000, Narrow klass shift: 0, Narrow klass range: 0x0

GC Precious Log:
 CardTable entry size: 512
 Card Set container configuration: InlinePtr #cards 5 size 8 Array Of Cards #cards 12 size 40 Howl #buckets 4 coarsen threshold 1843 Howl Bitmap #cards 512 size 80 coarsen threshold 460 Card regions per heap region 1 cards per card region 2048

Heap:
 garbage-first heap   total 0K, used 0K [0x00000000c3200000, 0x0000000100000000)
  region size 1024K, 0 young (0K), 0 survivors (0K)

[error occurred during error reporting (printing heap information), id 0xc0000005, EXCEPTION_ACCESS_VIOLATION (0xc0000005) at pc=0x00007ffc4c143c59]
GC Heap History (0 events):
No events

Dll operation events (1 events):
Event: 0.033 Loaded shared library C:\Program Files\Java\jdk-20\bin\java.dll

Deoptimization events (0 events):
No events

Classes loaded (0 events):
No events

Classes unloaded (0 events):
No events

Classes redefined (0 events):
No events

Internal exceptions (0 events):
No events

VM Operations (0 events):
No events

Events (0 events):
No events


Dynamic libraries:
0x00007ff784170000 - 0x00007ff784180000 	C:\Program Files\Java\jdk-20\bin\javaw.exe
0x00007ffcb5230000 - 0x00007ffcb5428000 	C:\WINDOWS\SYSTEM32\ntdll.dll
0x00007ffcb4a70000 - 0x00007ffcb4b2f000 	C:\WINDOWS\System32\KERNEL32.DLL
0x00007ffcb2bc0000 - 0x00007ffcb2eb6000 	C:\WINDOWS\System32\KERNELBASE.dll
0x00007ffcb2ec0000 - 0x00007ffcb2fc0000 	C:\WINDOWS\System32\ucrtbase.dll
0x00007ffcac810000 - 0x00007ffcac829000 	C:\Program Files\Java\jdk-20\bin\jli.dll
0x00007ffca9580000 - 0x00007ffca959b000 	C:\Program Files\Java\jdk-20\bin\VCRUNTIME140.dll
0x00007ffcb36c0000 - 0x00007ffcb376f000 	C:\WINDOWS\System32\ADVAPI32.dll
0x00007ffcb4f00000 - 0x00007ffcb4f9e000 	C:\WINDOWS\System32\msvcrt.dll
0x00007ffcb3a80000 - 0x00007ffcb3b1c000 	C:\WINDOWS\System32\sechost.dll
0x00007ffcb4270000 - 0x00007ffcb4396000 	C:\WINDOWS\System32\RPCRT4.dll
0x00007ffcb4fa0000 - 0x00007ffcb513d000 	C:\WINDOWS\System32\USER32.dll
0x00007ffcb2b90000 - 0x00007ffcb2bb2000 	C:\WINDOWS\System32\win32u.dll
0x00007ffc964c0000 - 0x00007ffc9675a000 	C:\WINDOWS\WinSxS\amd64_microsoft.windows.common-controls_6595b64144ccf1df_6.0.19041.1110_none_60b5254171f9507e\COMCTL32.dll
0x00007ffcb39f0000 - 0x00007ffcb3a1c000 	C:\WINDOWS\System32\GDI32.dll
0x00007ffcb30e0000 - 0x00007ffcb31f5000 	C:\WINDOWS\System32\gdi32full.dll
0x00007ffcb2fc0000 - 0x00007ffcb305d000 	C:\WINDOWS\System32\msvcp_win.dll
0x00007ffca9d60000 - 0x00007ffca9d6a000 	C:\WINDOWS\SYSTEM32\VERSION.dll
0x00007ffcb3690000 - 0x00007ffcb36c0000 	C:\WINDOWS\System32\IMM32.DLL
0x00007ffcac800000 - 0x00007ffcac80c000 	C:\Program Files\Java\jdk-20\bin\vcruntime140_1.dll
0x00007ffc97d50000 - 0x00007ffc97dde000 	C:\Program Files\Java\jdk-20\bin\msvcp140.dll
0x00007ffc4ba30000 - 0x00007ffc4c6c7000 	C:\Program Files\Java\jdk-20\bin\server\jvm.dll
0x00007ffcac620000 - 0x00007ffcac629000 	C:\WINDOWS\SYSTEM32\WSOCK32.dll
0x00007ffcb4e10000 - 0x00007ffcb4e7b000 	C:\WINDOWS\System32\WS2_32.dll
0x00007ffc9ea70000 - 0x00007ffc9ea97000 	C:\WINDOWS\SYSTEM32\WINMM.dll
0x00007ffcb1100000 - 0x00007ffcb1112000 	C:\WINDOWS\SYSTEM32\kernel.appcore.dll
0x00007ffcac720000 - 0x00007ffcac72a000 	C:\Program Files\Java\jdk-20\bin\jimage.dll
0x00007ffcb0670000 - 0x00007ffcb0854000 	C:\WINDOWS\SYSTEM32\DBGHELP.DLL
0x00007ffc9f100000 - 0x00007ffc9f134000 	C:\WINDOWS\SYSTEM32\dbgcore.DLL
0x00007ffcb3200000 - 0x00007ffcb3282000 	C:\WINDOWS\System32\bcryptPrimitives.dll
0x00007ffca30c0000 - 0x00007ffca30e6000 	C:\Program Files\Java\jdk-20\bin\java.dll

dbghelp: loaded successfully - version: 4.0.5 - missing functions: none
symbol engine: initialized successfully - sym options: 0x614 - pdb path: .;C:\Program Files\Java\jdk-20\bin;C:\WINDOWS\SYSTEM32;C:\WINDOWS\WinSxS\amd64_microsoft.windows.common-controls_6595b64144ccf1df_6.0.19041.1110_none_60b5254171f9507e;C:\Program Files\Java\jdk-20\bin\server

VM Arguments:
jvm_args: -Dfile.encoding=UTF-8 -XX:+ShowCodeDetailsInExceptionMessages 
java_command: com.bankmanagement.Singup2
java_class_path (initial): C:\Users\Robin Perera\Desktop\eclipse\Bank_Management_project\bin;C:\Users\Robin Perera\Downloads\jcalendar-tz-1.3.3-4.jar;C:\Users\Robin Perera\Downloads\mysql-connector-j-8.1.0\mysql-connector-j-8.1.0.jar
Launcher Type: SUN_STANDARD

[Global flags]
     intx CICompilerCount                          = 3                                         {product} {ergonomic}
     uint ConcGCThreads                            = 1                                         {product} {ergonomic}
     uint G1ConcRefinementThreads                  = 4                                         {product} {ergonomic}
   size_t G1HeapRegionSize                         = 1048576                                   {product} {ergonomic}
    uintx GCDrainStackTargetSize                   = 64                                        {product} {ergonomic}
   size_t InitialHeapSize                          = 65011712                                  {product} {ergonomic}
   size_t MarkStackSize                            = 4194304                                   {product} {ergonomic}
   size_t MaxHeapSize                              = 1021313024                                {product} {ergonomic}
   size_t MinHeapDeltaBytes                        = 1048576                                   {product} {ergonomic}
   size_t MinHeapSize                              = 8388608                                   {product} {ergonomic}
    uintx NonNMethodCodeHeapSize                   = 5832780                                {pd product} {ergonomic}
    uintx NonProfiledCodeHeapSize                  = 122912730                              {pd product} {ergonomic}
    uintx ProfiledCodeHeapSize                     = 122912730                              {pd product} {ergonomic}
    uintx ReservedCodeCacheSize                    = 251658240                              {pd product} {ergonomic}
     bool SegmentedCodeCache                       = true                                      {product} {ergonomic}
     bool ShowCodeDetailsInExceptionMessages       = true                                   {manageable} {command line}
   size_t SoftMaxHeapSize                          = 1021313024                             {manageable} {ergonomic}
     bool UseCompressedClassPointers               = true                           {product lp64_product} {ergonomic}
     bool UseCompressedOops                        = true                           {product lp64_product} {ergonomic}
     bool UseG1GC                                  = true                                      {product} {ergonomic}
     bool UseLargePagesIndividualAllocation        = false                                  {pd product} {ergonomic}

Logging:
Log output configuration:
 #0: stdout all=warning uptime,level,tags foldmultilines=false
 #1: stderr all=off uptime,level,tags foldmultilines=false

Environment Variables:
JAVA_HOME=C:\Program Files\Java\jdk-20
PATH=C:\Program Files\Common Files\Oracle\Java\javapath;C:\Program Files\Python310\Scripts\;C:\Program Files\Python310\;C:\WINDOWS\system32;C:\WINDOWS;C:\WINDOWS\System32\Wbem;C:\WINDOWS\System32\WindowsPowerShell\v1.0\;C:\WINDOWS\System32\OpenSSH\;C:\Program Files (x86)\Microsoft SQL Server\160\Tools\Binn\;C:\Program Files\Microsoft SQL Server\160\Tools\Binn\;C:\Program Files\Microsoft SQL Server\Client SDK\ODBC\170\Tools\Binn\;C:\Program Files\Microsoft SQL Server\160\DTS\Binn\;C:\Program Files\Azure Data Studio\bin;C:\Program Files\Java\jdk-20\bin;C:\Program Files\MySQL\MySQL Shell 8.0\bin\;C:\Users\Robin Perera\AppData\Local\Programs\Python\Python311\Scripts\;C:\Users\Robin Perera\AppData\Local\Programs\Python\Python311\;C:\Users\Robin Perera\AppData\Local\Microsoft\WindowsApps;;C:\Users\Robin Perera\AppData\Local\Programs\Microsoft VS Code\bin;C:\Program Files\Azure Data Studio\bin
USERNAME=Rp
OS=Windows_NT
PROCESSOR_IDENTIFIER=Intel64 Family 6 Model 126 Stepping 5, GenuineIntel
TMP=C:\Users\ROBINP~1\AppData\Local\Temp
TEMP=C:\Users\ROBINP~1\AppData\Local\Temp




---------------  S Y S T E M  ---------------

OS:
 Windows 10 , 64 bit Build 19041 (10.0.19041.3155)
OS uptime: 3 days 20:20 hours

CPU: total 4 (initial active 4) (2 cores per cpu, 2 threads per core) family 6 model 126 stepping 5 microcode 0xb0, cx8, cmov, fxsr, ht, mmx, 3dnowpref, sse, sse2, sse3, ssse3, sse4.1, sse4.2, popcnt, lzcnt, tsc, tscinvbit, avx, avx2, aes, erms, clmul, bmi1, bmi2, adx, avx512f, avx512dq, avx512cd, avx512bw, avx512vl, sha, fma, vzeroupper, avx512_vpopcntdq, avx512_vpclmulqdq, avx512_vaes, avx512_vnni, clflush, clflushopt, avx512_vbmi2, avx512_vbmi, rdtscp, rdpid, fsrm, gfni, avx512_bitalg, f16c, pku, avx512_ifma

Memory: 4k page, system-wide physical 3891M (368M free)
TotalPageFile size 16179M (AvailPageFile size 33M)
current process WorkingSet (physical memory assigned to process): 10M, peak: 10M
current process commit charge ("private bytes"): 51M, peak: 113M

vm_info: Java HotSpot(TM) 64-Bit Server VM (20.0.1+9-29) for windows-amd64 JRE (20.0.1+9-29), built on 2023-03-07T13:56:11Z by "mach5one" with MS VC++ 17.1 (VS2022)

END.
